<?xml version="1.0" encoding="UTF-8"?>
<testsuite xmlns:xsi="http://www.w3.org/2001/XMLSchema-instance" xsi:noNamespaceSchemaLocation="https://maven.apache.org/surefire/maven-surefire-plugin/xsd/surefire-test-report-3.0.xsd" version="3.0" name="com.example.taskprompter_FE.TaskprompterFeApplicationTests" time="9.209" tests="1" errors="0" skipped="0" failures="0">
  <properties>
[...]
</properties>
  <testcase name="contextLoads" classname="com.example.taskprompter_FE.TaskprompterFeApplicationTests" time="2.681">
    <system-out><![CDATA[18:16:56.314 [main] INFO org.springframework.test.context.support.AnnotationConfigContextLoaderUtils -- Could not detect default configuration classes for test class [com.example.taskprompter_FE.TaskprompterFeApplicationTests]: TaskprompterFeApplicationTests does not declare any static, non-private, non-final, nested classes annotated with @Configuration.
18:16:56.641 [main] INFO org.springframework.boot.test.context.SpringBootTestContextBootstrapper -- Found @SpringBootConfiguration com.example.taskprompter_FE.TaskprompterFeApplication for test class com.example.taskprompter_FE.TaskprompterFeApplicationTests
18:16:57.090 [main] INFO org.springframework.boot.devtools.restart.RestartApplicationListener -- Restart disabled due to context in which it is running

  .   ____          _            __ _ _
 /\\ / ___'_ __ _ _(_)_ __  __ _ \ \ \ \
( ( )\___ | '_ | '_| | '_ \/ _` | \ \ \ \
 \\/  ___)| |_)| | | | | || (_| |  ) ) ) )
  '  |____| .__|_| |_|_| |_\__, | / / / /
 =========|_|==============|___/=/_/_/_/
 :: Spring Boot ::                (v3.2.3)

2024-02-26T18:16:57.760+05:30  INFO 14164 --- [           main] c.e.t.TaskprompterFeApplicationTests     : Starting TaskprompterFeApplicationTests using Java 18.0.1.1 with PID 14164 (started by DELL in C:\Users\DELL\Downloads\taskprompter_FE)
2024-02-26T18:16:57.764+05:30  INFO 14164 --- [           main] c.e.t.TaskprompterFeApplicationTests     : No active profile set, falling back to 1 default profile: "default"
2024-02-26T18:17:01.418+05:30  INFO 14164 --- [           main] o.s.b.a.w.s.WelcomePageHandlerMapping    : Adding welcome page template: index
2024-02-26T18:17:02.339+05:30  INFO 14164 --- [           main] c.e.t.TaskprompterFeApplicationTests     : Started TaskprompterFeApplicationTests in 5.282 seconds (process running for 7.778)
]]></system-out>
  </testcase>
</testsuite>